TN:
SF:src/index.ts
FN:42,checkNetworkOptions
FN:61,(anonymous_11)
FN:85,(anonymous_12)
FN:111,(anonymous_13)
FN:137,(anonymous_14)
FN:160,(anonymous_15)
FN:183,(anonymous_16)
FN:206,(anonymous_17)
FN:235,(anonymous_18)
FNF:9
FNH:0
FNDA:0,checkNetworkOptions
FNDA:0,(anonymous_11)
FNDA:0,(anonymous_12)
FNDA:0,(anonymous_13)
FNDA:0,(anonymous_14)
FNDA:0,(anonymous_15)
FNDA:0,(anonymous_16)
FNDA:0,(anonymous_17)
FNDA:0,(anonymous_18)
DA:3,0
DA:4,0
DA:5,0
DA:6,0
DA:7,0
DA:8,0
DA:9,0
DA:10,0
DA:11,0
DA:12,0
DA:13,0
DA:14,0
DA:18,0
DA:23,0
DA:26,0
DA:32,0
DA:44,0
DA:45,0
DA:46,0
DA:50,0
DA:51,0
DA:56,0
DA:62,0
DA:64,0
DA:69,0
DA:71,0
DA:72,0
DA:74,0
DA:75,0
DA:76,0
DA:81,0
DA:86,0
DA:88,0
DA:93,0
DA:95,0
DA:96,0
DA:98,0
DA:99,0
DA:100,0
DA:105,0
DA:112,0
DA:114,0
DA:117,0
DA:118,0
DA:121,0
DA:123,0
DA:124,0
DA:126,0
DA:127,0
DA:128,0
DA:133,0
DA:138,0
DA:140,0
DA:145,0
DA:147,0
DA:148,0
DA:150,0
DA:151,0
DA:152,0
DA:157,0
DA:161,0
DA:163,0
DA:168,0
DA:170,0
DA:171,0
DA:173,0
DA:174,0
DA:175,0
DA:180,0
DA:184,0
DA:186,0
DA:191,0
DA:193,0
DA:194,0
DA:196,0
DA:197,0
DA:198,0
DA:203,0
DA:207,0
DA:209,0
DA:214,0
DA:216,0
DA:217,0
DA:218,0
DA:219,0
DA:222,0
DA:223,0
DA:225,0
DA:226,0
DA:227,0
DA:232,0
DA:236,0
DA:240,0
DA:243,0
DA:244,0
LF:95
LH:0
BRDA:44,0,0,0
BRDA:44,1,0,0
BRDA:44,1,1,0
BRDA:44,1,2,0
BRDA:50,2,0,0
BRDA:50,3,0,0
BRDA:50,3,1,0
BRDA:74,4,0,0
BRDA:74,4,1,0
BRDA:98,5,0,0
BRDA:98,5,1,0
BRDA:117,6,0,0
BRDA:117,7,0,0
BRDA:117,7,1,0
BRDA:126,8,0,0
BRDA:126,8,1,0
BRDA:150,9,0,0
BRDA:150,9,1,0
BRDA:173,10,0,0
BRDA:173,10,1,0
BRDA:196,11,0,0
BRDA:196,11,1,0
BRDA:217,12,0,0
BRDA:225,13,0,0
BRDA:225,13,1,0
BRDA:243,14,0,0
BRF:26
BRH:0
end_of_record
TN:
SF:src/commands/account-info.ts
FN:9,getAccountInfo
FN:54,(anonymous_2)
FNF:2
FNH:0
FNDA:0,getAccountInfo
FNDA:0,(anonymous_2)
DA:1,0
DA:2,0
DA:3,0
DA:9,0
DA:10,0
DA:11,0
DA:12,0
DA:15,0
DA:16,0
DA:19,0
DA:22,0
DA:29,0
DA:31,0
DA:32,0
DA:34,0
DA:39,0
DA:40,0
DA:41,0
DA:42,0
DA:54,0
DA:55,0
DA:61,0
LF:22
LH:0
BRDA:9,0,0,0
BRDA:31,1,0,0
BRDA:31,1,1,0
BRF:3
BRH:0
end_of_record
TN:
SF:src/commands/account-transactions.ts
FN:10,getAccountTransactions
FN:66,(anonymous_2)
FNF:2
FNH:0
FNDA:0,getAccountTransactions
FNDA:0,(anonymous_2)
DA:1,0
DA:2,0
DA:3,0
DA:5,0
DA:10,0
DA:11,0
DA:13,0
DA:14,0
DA:15,0
DA:18,0
DA:19,0
DA:22,0
DA:23,0
DA:26,0
DA:27,0
DA:28,0
DA:31,0
DA:33,0
DA:35,0
DA:36,0
DA:38,0
DA:43,0
DA:44,0
DA:45,0
DA:66,0
DA:67,0
DA:75,0
LF:27
LH:0
BRDA:10,0,0,0
BRDA:22,1,0,0
BRDA:22,1,1,0
BRDA:23,2,0,0
BRDA:23,2,1,0
BRDA:26,3,0,0
BRDA:26,3,1,0
BRDA:35,4,0,0
BRDA:35,4,1,0
BRF:9
BRH:0
end_of_record
TN:
SF:src/commands/address.ts
FN:10,getAddressInfo
FN:64,(anonymous_2)
FNF:2
FNH:0
FNDA:0,getAddressInfo
FNDA:0,(anonymous_2)
DA:1,0
DA:2,0
DA:3,0
DA:5,0
DA:10,0
DA:11,0
DA:13,0
DA:14,0
DA:15,0
DA:18,0
DA:19,0
DA:22,0
DA:23,0
DA:24,0
DA:27,0
DA:28,0
DA:29,0
DA:30,0
DA:33,0
DA:35,0
DA:37,0
DA:38,0
DA:40,0
DA:45,0
DA:46,0
DA:47,0
DA:64,0
DA:65,0
DA:72,0
LF:29
LH:0
BRDA:10,0,0,0
BRDA:27,1,0,0
BRDA:27,1,1,0
BRDA:37,2,0,0
BRDA:37,2,1,0
BRF:5
BRH:0
end_of_record
TN:
SF:src/commands/block-transactions.ts
FN:9,getBlockTransactions
FN:54,(anonymous_2)
FNF:2
FNH:0
FNDA:0,getBlockTransactions
FNDA:0,(anonymous_2)
DA:1,0
DA:2,0
DA:3,0
DA:9,0
DA:10,0
DA:11,0
DA:12,0
DA:15,0
DA:16,0
DA:19,0
DA:20,0
DA:23,0
DA:30,0
DA:32,0
DA:33,0
DA:35,0
DA:40,0
DA:41,0
DA:42,0
DA:54,0
DA:55,0
DA:61,0
LF:22
LH:0
BRDA:9,0,0,0
BRDA:32,1,0,0
BRDA:32,1,1,0
BRF:3
BRH:0
end_of_record
TN:
SF:src/commands/block.ts
FN:9,getBlockInfo
FN:52,(anonymous_2)
FNF:2
FNH:0
FNDA:0,getBlockInfo
FNDA:0,(anonymous_2)
DA:1,0
DA:2,0
DA:3,0
DA:9,0
DA:10,0
DA:11,0
DA:12,0
DA:15,0
DA:16,0
DA:19,0
DA:22,0
DA:28,0
DA:30,0
DA:31,0
DA:33,0
DA:38,0
DA:39,0
DA:40,0
DA:52,0
DA:53,0
DA:59,0
LF:21
LH:0
BRDA:9,0,0,0
BRDA:30,1,0,0
BRDA:30,1,1,0
BRF:3
BRH:0
end_of_record
TN:
SF:src/commands/masterchain.ts
FN:13,getMasterchainInfo
FN:49,(anonymous_2)
FNF:2
FNH:0
FNDA:0,getMasterchainInfo
FNDA:0,(anonymous_2)
DA:1,0
DA:2,0
DA:3,0
DA:13,0
DA:14,0
DA:16,0
DA:17,0
DA:20,0
DA:26,0
DA:29,0
DA:30,0
DA:36,0
DA:38,0
DA:41,0
DA:46,0
DA:50,0
DA:51,0
DA:52,0
DA:53,0
DA:55,0
DA:56,0
LF:21
LH:0
BRDA:16,0,0,0
BRDA:16,0,1,0
BRDA:38,1,0,0
BRDA:38,1,1,0
BRDA:41,2,0,0
BRDA:41,2,1,0
BRDA:41,3,0,0
BRDA:41,3,1,0
BRDA:51,4,0,0
BRF:9
BRH:0
end_of_record
TN:
SF:src/commands/transaction.ts
FN:9,getTransactionInfo
FN:47,(anonymous_2)
FNF:2
FNH:0
FNDA:0,getTransactionInfo
FNDA:0,(anonymous_2)
DA:1,0
DA:2,0
DA:3,0
DA:9,0
DA:10,0
DA:11,0
DA:12,0
DA:15,0
DA:16,0
DA:19,0
DA:22,0
DA:23,0
DA:25,0
DA:26,0
DA:28,0
DA:33,0
DA:34,0
DA:35,0
DA:47,0
DA:48,0
DA:54,0
LF:21
LH:0
BRDA:9,0,0,0
BRDA:25,1,0,0
BRDA:25,1,1,0
BRF:3
BRH:0
end_of_record
TN:
SF:src/services/json.ts
FN:12,(anonymous_0)
FN:16,(anonymous_1)
FN:39,(anonymous_2)
FN:51,(anonymous_3)
FN:63,(anonymous_4)
FN:74,(anonymous_5)
FNF:6
FNH:5
FNDA:41,(anonymous_0)
FNDA:3,(anonymous_1)
FNDA:1,(anonymous_2)
FNDA:0,(anonymous_3)
FNDA:1,(anonymous_4)
FNDA:3,(anonymous_5)
DA:13,41
DA:15,41
DA:16,3
DA:19,38
DA:20,8
DA:22,8
DA:24,35
DA:25,35
DA:27,35
DA:30,8
DA:33,30
DA:40,1
DA:52,0
DA:64,1
DA:75,3
DA:76,2
DA:78,1
DA:82,1
LF:18
LH:17
BRDA:13,0,0,0
BRDA:13,1,0,41
BRDA:13,1,1,41
BRDA:15,2,0,3
BRDA:19,3,0,8
BRDA:24,4,0,0
BRDA:24,5,0,35
BRDA:24,5,1,2
BRDA:25,6,0,0
BRDA:25,7,0,35
BRDA:25,7,1,35
BRDA:39,8,0,0
BRDA:51,9,0,0
BRDA:63,10,0,0
BRDA:74,11,0,0
BRDA:75,12,0,2
BRF:16
BRH:9
end_of_record
TN:
SF:src/services/markdown.ts
FN:11,(anonymous_0)
FN:18,(anonymous_1)
FN:28,(anonymous_2)
FN:35,(anonymous_3)
FN:38,(anonymous_4)
FN:44,(anonymous_5)
FN:51,(anonymous_6)
FN:94,(anonymous_7)
FN:101,(anonymous_8)
FN:106,(anonymous_9)
FN:204,(anonymous_10)
FN:237,(anonymous_11)
FN:264,(anonymous_12)
FN:271,(anonymous_13)
FN:272,(anonymous_14)
FNF:15
FNH:0
FNDA:0,(anonymous_0)
FNDA:0,(anonymous_1)
FNDA:0,(anonymous_2)
FNDA:0,(anonymous_3)
FNDA:0,(anonymous_4)
FNDA:0,(anonymous_5)
FNDA:0,(anonymous_6)
FNDA:0,(anonymous_7)
FNDA:0,(anonymous_8)
FNDA:0,(anonymous_9)
FNDA:0,(anonymous_10)
FNDA:0,(anonymous_11)
FNDA:0,(anonymous_12)
FNDA:0,(anonymous_13)
FNDA:0,(anonymous_14)
DA:2,0
DA:12,0
DA:19,0
DA:21,0
DA:22,0
DA:29,0
DA:36,0
DA:38,0
DA:45,0
DA:52,0
DA:55,0
DA:58,0
DA:61,0
DA:62,0
DA:66,0
DA:69,0
DA:70,0
DA:72,0
DA:73,0
DA:76,0
DA:77,0
DA:80,0
DA:81,0
DA:84,0
DA:85,0
DA:88,0
DA:95,0
DA:96,0
DA:99,0
DA:101,0
DA:102,0
DA:105,0
DA:106,0
DA:107,0
DA:109,0
DA:110,0
DA:111,0
DA:112,0
DA:113,0
DA:115,0
DA:116,0
DA:118,0
DA:119,0
DA:122,0
DA:124,0
DA:125,0
DA:126,0
DA:127,0
DA:129,0
DA:131,0
DA:132,0
DA:135,0
DA:136,0
DA:139,0
DA:141,0
DA:142,0
DA:143,0
DA:144,0
DA:145,0
DA:147,0
DA:148,0
DA:149,0
DA:151,0
DA:152,0
DA:155,0
DA:157,0
DA:158,0
DA:159,0
DA:160,0
DA:161,0
DA:163,0
DA:164,0
DA:165,0
DA:166,0
DA:168,0
DA:169,0
DA:174,0
DA:175,0
DA:177,0
DA:178,0
DA:179,0
DA:181,0
DA:182,0
DA:187,0
DA:188,0
DA:193,0
DA:194,0
DA:198,0
DA:205,0
DA:208,0
DA:209,0
DA:210,0
DA:211,0
DA:214,0
DA:215,0
DA:217,0
DA:218,0
DA:221,0
DA:222,0
DA:224,0
DA:225,0
DA:228,0
DA:229,0
DA:234,0
DA:235,0
DA:237,0
DA:238,0
DA:240,0
DA:242,0
DA:243,0
DA:246,0
DA:248,0
DA:249,0
DA:252,0
DA:253,0
DA:258,0
DA:265,0
DA:272,0
DA:274,0
DA:275,0
DA:276,0
DA:279,0
DA:283,0
LF:123
LH:0
BRDA:11,0,0,0
BRDA:18,1,0,0
BRDA:19,2,0,0
BRDA:19,3,0,0
BRDA:19,3,1,0
BRDA:19,3,2,0
BRDA:21,4,0,0
BRDA:21,4,1,0
BRDA:36,5,0,0
BRDA:36,6,0,0
BRDA:36,6,1,0
BRDA:44,7,0,0
BRDA:51,8,0,0
BRDA:61,9,0,0
BRDA:69,10,0,0
BRDA:69,10,1,0
BRDA:70,11,0,0
BRDA:70,11,1,0
BRDA:72,12,0,0
BRDA:76,13,0,0
BRDA:80,14,0,0
BRDA:84,15,0,0
BRDA:84,16,0,0
BRDA:84,16,1,0
BRDA:95,17,0,0
BRDA:95,18,0,0
BRDA:95,18,1,0
BRDA:105,19,0,0
BRDA:105,20,0,0
BRDA:105,20,1,0
BRDA:107,21,0,0
BRDA:107,21,1,0
BRDA:110,22,0,0
BRDA:111,23,0,0
BRDA:111,23,1,0
BRDA:112,24,0,0
BRDA:112,24,1,0
BRDA:118,25,0,0
BRDA:122,26,0,0
BRDA:122,26,1,0
BRDA:125,27,0,0
BRDA:126,28,0,0
BRDA:126,28,1,0
BRDA:127,29,0,0
BRDA:127,29,1,0
BRDA:131,30,0,0
BRDA:135,31,0,0
BRDA:139,32,0,0
BRDA:139,32,1,0
BRDA:142,33,0,0
BRDA:143,34,0,0
BRDA:143,34,1,0
BRDA:144,35,0,0
BRDA:144,35,1,0
BRDA:145,36,0,0
BRDA:145,36,1,0
BRDA:151,37,0,0
BRDA:155,38,0,0
BRDA:155,38,1,0
BRDA:158,39,0,0
BRDA:159,40,0,0
BRDA:159,40,1,0
BRDA:159,40,2,0
BRDA:160,41,0,0
BRDA:160,41,1,0
BRDA:161,42,0,0
BRDA:161,42,1,0
BRDA:168,43,0,0
BRDA:177,44,0,0
BRDA:181,45,0,0
BRDA:187,46,0,0
BRDA:193,47,0,0
BRDA:214,48,0,0
BRDA:217,49,0,0
BRDA:224,50,0,0
BRDA:228,51,0,0
BRDA:234,52,0,0
BRDA:234,53,0,0
BRDA:234,53,1,0
BRDA:240,54,0,0
BRDA:240,54,1,0
BRDA:242,55,0,0
BRDA:248,56,0,0
BRDA:252,57,0,0
BRDA:264,58,0,0
BRDA:271,59,0,0
BRDA:271,60,0,0
BRDA:274,61,0,0
BRF:88
BRH:0
end_of_record
TN:
SF:src/services/ton-sdk-service.ts
FN:16,(anonymous_1)
FN:46,(anonymous_2)
FN:54,(anonymous_3)
FN:72,(anonymous_4)
FN:97,(anonymous_5)
FN:112,(anonymous_6)
FN:128,(anonymous_7)
FN:143,(anonymous_8)
FNF:8
FNH:8
FNDA:14,(anonymous_1)
FNDA:2,(anonymous_2)
FNDA:2,(anonymous_3)
FNDA:2,(anonymous_4)
FNDA:1,(anonymous_5)
FNDA:1,(anonymous_6)
FNDA:1,(anonymous_7)
FNDA:1,(anonymous_8)
DA:1,1
DA:2,1
DA:18,14
DA:19,14
DA:22,14
DA:23,14
DA:26,14
DA:29,14
DA:40,14
DA:47,2
DA:55,2
DA:57,2
DA:58,2
DA:59,1
DA:61,1
DA:62,1
DA:73,2
DA:75,2
DA:76,2
DA:77,1
DA:80,2
DA:81,2
DA:85,2
DA:86,2
DA:88,0
DA:89,0
DA:98,1
DA:100,1
DA:101,1
DA:103,0
DA:104,0
DA:113,1
DA:115,1
DA:116,1
DA:117,1
DA:119,0
DA:120,0
DA:129,1
DA:131,1
DA:132,1
DA:134,0
DA:135,0
DA:144,1
DA:146,1
DA:147,1
DA:148,1
DA:150,0
DA:151,0
DA:156,1
LF:49
LH:39
BRDA:16,0,0,2
BRDA:19,1,0,1
BRDA:19,1,1,13
BRDA:22,2,0,1
BRDA:22,2,1,13
BRDA:26,3,0,14
BRDA:26,3,1,14
BRDA:33,4,0,1
BRDA:33,4,1,13
BRDA:72,5,0,1
BRDA:73,6,0,1
BRDA:73,6,1,1
BRDA:76,7,0,1
BRDA:117,8,0,1
BRDA:117,8,1,0
BRF:15
BRH:14
end_of_record
TN:
SF:src/services/tonapi.ts
FN:21,(anonymous_1)
FN:33,(anonymous_2)
FN:40,(anonymous_3)
FN:114,(anonymous_4)
FN:137,(anonymous_5)
FN:155,(anonymous_6)
FN:169,(anonymous_7)
FN:190,(anonymous_8)
FN:199,(anonymous_9)
FN:213,(anonymous_10)
FN:233,(anonymous_11)
FN:242,(anonymous_12)
FN:251,(anonymous_13)
FNF:13
FNH:13
FNDA:24,(anonymous_1)
FNDA:3,(anonymous_2)
FNDA:4,(anonymous_3)
FNDA:4,(anonymous_4)
FNDA:1,(anonymous_5)
FNDA:2,(anonymous_6)
FNDA:1,(anonymous_7)
FNDA:1,(anonymous_8)
FNDA:1,(anonymous_9)
FNDA:1,(anonymous_10)
FNDA:1,(anonymous_11)
FNDA:1,(anonymous_12)
FNDA:1,(anonymous_13)
DA:1,1
DA:2,1
DA:4,1
DA:11,1
DA:23,24
DA:24,24
DA:25,24
DA:27,24
DA:34,3
DA:41,4
DA:43,4
DA:45,4
DA:46,1
DA:47,1
DA:51,3
DA:53,3
DA:58,3
DA:59,3
DA:60,3
DA:62,0
DA:66,0
DA:67,0
DA:68,0
DA:71,0
DA:76,0
DA:77,0
DA:78,0
DA:80,0
DA:84,0
DA:85,0
DA:86,0
DA:89,0
DA:90,0
DA:94,0
DA:95,0
DA:96,0
DA:98,0
DA:102,0
DA:103,0
DA:105,0
DA:106,0
DA:107,0
DA:115,4
DA:116,4
DA:121,1
DA:123,3
DA:124,0
DA:125,0
DA:127,0
DA:130,3
DA:138,1
DA:140,1
DA:141,1
DA:142,1
DA:143,1
DA:145,1
DA:147,0
DA:148,0
DA:156,2
DA:157,2
DA:159,2
DA:163,2
DA:170,1
DA:171,1
DA:173,1
DA:174,1
DA:175,1
DA:179,1
DA:180,1
DA:182,1
DA:184,1
DA:191,1
DA:193,1
DA:200,1
DA:201,1
DA:203,1
DA:207,1
DA:219,1
DA:220,1
DA:222,1
DA:234,1
DA:236,1
DA:243,1
DA:245,1
DA:252,1
DA:253,1
DA:255,1
DA:259,1
LF:88
LH:60
BRDA:21,0,0,1
BRDA:23,1,0,1
BRDA:23,1,1,23
BRDA:23,2,0,1
BRDA:23,2,1,22
BRDA:24,3,0,2
BRDA:24,3,1,22
BRDA:45,4,0,1
BRDA:89,5,0,0
BRDA:106,6,0,0
BRDA:106,6,1,0
BRDA:114,7,0,3
BRDA:123,8,0,0
BRDA:124,9,0,0
BRDA:124,9,1,0
BRDA:155,10,0,1
BRDA:163,11,0,2
BRDA:163,11,1,0
BRDA:169,12,0,0
BRDA:171,13,0,1
BRDA:171,13,1,0
BRDA:174,14,0,1
BRDA:184,15,0,1
BRDA:184,15,1,0
BRDA:199,16,0,0
BRDA:207,17,0,1
BRDA:207,17,1,0
BRF:27
BRH:15
end_of_record
TN:
SF:src/utils/config.ts
FNF:0
FNH:0
DA:1,1
DA:4,1
DA:7,1
DA:8,1
DA:11,1
DA:14,1
DA:22,1
DA:23,1
DA:26,1
LF:9
LH:9
BRDA:11,0,0,1
BRDA:11,0,1,1
BRF:2
BRH:2
end_of_record
TN:
SF:src/utils/formatter.ts
FN:8,formatAddress
FN:28,formatAmount
FN:44,formatDate
FN:63,normalizeAddress
FN:86,formatComment
FN:100,formatBytes
FN:115,formatStatus
FNF:7
FNH:7
FNDA:7,formatAddress
FNDA:6,formatAmount
FNDA:3,formatDate
FNDA:8,normalizeAddress
FNDA:5,formatComment
FNDA:9,formatBytes
FNDA:9,formatStatus
DA:8,2
DA:9,7
DA:12,5
DA:15,5
DA:16,4
DA:17,4
DA:18,4
DA:21,1
DA:28,2
DA:29,6
DA:31,4
DA:34,4
DA:35,4
DA:36,2
DA:38,4
DA:44,2
DA:45,3
DA:48,1
DA:50,1
DA:63,2
DA:64,8
DA:66,6
DA:69,6
DA:74,0
DA:76,0
DA:86,2
DA:87,5
DA:90,3
DA:91,2
DA:94,1
DA:100,2
DA:101,9
DA:103,8
DA:104,8
DA:105,8
DA:107,8
DA:109,8
DA:115,2
DA:116,9
DA:119,7
DA:126,7
LF:41
LH:39
BRDA:8,0,0,6
BRDA:9,1,0,2
BRDA:15,2,0,4
BRDA:29,3,0,2
BRDA:29,4,0,6
BRDA:29,4,1,5
BRDA:35,5,0,2
BRDA:35,5,1,2
BRDA:36,6,0,1
BRDA:45,7,0,2
BRDA:64,8,0,2
BRDA:86,9,0,4
BRDA:87,10,0,2
BRDA:90,11,0,2
BRDA:100,12,0,6
BRDA:101,13,0,1
BRDA:104,14,0,0
BRDA:104,14,1,8
BRDA:116,15,0,2
BRDA:126,16,0,7
BRDA:126,16,1,1
BRF:21
BRH:20
end_of_record
